<?xml version="1.0" encoding="UTF-8"?>
<!-- Generated by org.testng.reporters.JUnitReportReporter -->
<testsuite hostname="Madhukar" failures="0" tests="1" name="day5.ParsingComplexResponseJson" time="1.596" errors="0" timestamp="2025-06-24T09:20:57 IST" skipped="0">
  <testcase classname="day5.ParsingComplexResponseJson" name="testUserDetailsValidation" time="1.596"/>
</testsuite> <!-- day5.ParsingComplexResponseJson -->
