<?xml version="1.0" encoding="UTF-8"?>
<!-- Generated by org.testng.reporters.JUnitReportReporter -->
<testsuite hostname="Madhukar" failures="0" tests="1" name="day4.HeadersTEST" time="2.054" errors="0" timestamp="2025-06-24T05:31:12 IST" skipped="0">
  <testcase classname="day4.HeadersTEST" name="testCookiesInResponse" time="2.054"/>
</testsuite> <!-- day4.HeadersTEST -->
