<?xml version="1.0" encoding="UTF-8"?>
<!-- Generated by org.testng.reporters.JUnitReportReporter -->
<testsuite hostname="Madhukar" failures="0" tests="1" name="day11.GraphQA_QueryTests" time="5.836" errors="0" timestamp="2025-07-13T05:22:27 IST" skipped="0">
  <testcase classname="day11.GraphQA_QueryTests" name="testFetchTodosWitVariables" time="5.836"/>
</testsuite> <!-- day11.GraphQA_QueryTests -->
