<?xml version="1.0" encoding="UTF-8"?>
<!-- Generated by org.testng.reporters.JUnitReportReporter -->
<testsuite hostname="Madhukar" failures="0" tests="5" name="day10.DataDrivenTesting" time="22.927" errors="0" timestamp="2025-07-12T08:04:39 IST" skipped="0">
  <testcase classname="day10.DataDrivenTesting" name="testWithExcelData" time="4.035"/>
  <testcase classname="day10.DataDrivenTesting" name="testWithExcelData" time="6.947"/>
  <testcase classname="day10.DataDrivenTesting" name="testWithExcelData" time="3.954"/>
  <testcase classname="day10.DataDrivenTesting" name="testWithExcelData" time="3.917"/>
  <testcase classname="day10.DataDrivenTesting" name="testWithExcelData" time="4.074"/>
</testsuite> <!-- day10.DataDrivenTesting -->
