<?xml version="1.0" encoding="UTF-8"?>
<!-- Generated by org.testng.reporters.JUnitReportReporter -->
<testsuite hostname="Madhukar" failures="0" tests="1" name="day2.ParameterDemo" time="3.508" errors="0" timestamp="2025-06-21T15:08:05 IST" skipped="0">
  <testcase classname="day2.ParameterDemo" name="queryParams" time="3.508"/>
</testsuite> <!-- day2.ParameterDemo -->
