<?xml version="1.0" encoding="UTF-8"?>
<!-- Generated by org.testng.reporters.JUnitReportReporter -->
<testsuite hostname="Madhukar" failures="0" tests="3" name="day11.GraphQLMutationTests" time="7.560" errors="0" timestamp="2025-07-13T07:10:57 IST" skipped="0">
  <testcase classname="day11.GraphQLMutationTests" name="testDeleteTodo" time="1.314"/>
  <testcase classname="day11.GraphQLMutationTests" name="testupdateTodos" time="1.652"/>
  <testcase classname="day11.GraphQLMutationTests" name="testInsertTodo" time="4.594"/>
</testsuite> <!-- day11.GraphQLMutationTests -->
