<?xml version="1.0" encoding="UTF-8"?>
<!-- Generated by org.testng.reporters.JUnitReportReporter -->
<testsuite hostname="Madhukar" failures="0" tests="1" name="day2.PostRequestBodyExamples" time="3.339" errors="0" timestamp="2025-06-21T14:45:00 IST" skipped="0">
  <testcase classname="day2.PostRequestBodyExamples" name="createStudentsUsingExternalFile" time="3.339"/>
</testsuite> <!-- day2.PostRequestBodyExamples -->
