<?xml version="1.0" encoding="UTF-8"?>
<!-- Generated by org.testng.reporters.JUnitReportReporter -->
<testsuite hostname="Madhukar" failures="0" tests="2" name="day4.AssignmentSingleFileUpload" time="6.128" errors="0" timestamp="2025-06-24T04:24:27 IST" skipped="0">
  <testcase classname="day4.AssignmentSingleFileUpload" name="uploadSingleFile" time="2.527"/>
  <testcase classname="day4.AssignmentSingleFileUpload" name="downloadSingleFile" time="3.601"/>
</testsuite> <!-- day4.AssignmentSingleFileUpload -->
