<?xml version="1.0" encoding="UTF-8"?>
<!-- Generated by org.testng.reporters.JUnitReportReporter -->
<testsuite hostname="Madhukar" failures="0" tests="1" name="day7.ParsingXML" time="5.486" errors="0" timestamp="2025-06-28T13:23:27 IST" skipped="0">
  <testcase classname="day7.ParsingXML" name="testXMLParsingRResponse" time="5.486"/>
</testsuite> <!-- day7.ParsingXML -->
