<?xml version="1.0" encoding="UTF-8"?>
<!-- Generated by org.testng.reporters.JUnitReportReporter -->
<testsuite hostname="Madhukar" failures="0" tests="1" name="day11.GraphQL_ListingSpecificCountry_Assignment2" time="3.979" errors="0" timestamp="2025-07-14T08:48:42 IST" skipped="0">
  <testcase classname="day11.GraphQL_ListingSpecificCountry_Assignment2" name="testListingCountry" time="3.979"/>
</testsuite> <!-- day11.GraphQL_ListingSpecificCountry_Assignment2 -->
