<?xml version="1.0" encoding="UTF-8"?>
<!-- Generated by org.testng.reporters.JUnitReportReporter -->
<testsuite hostname="Madhukar" failures="0" tests="1" name="day4.AssignmentSingleFileUpload" time="5.623" errors="0" timestamp="2025-06-23T09:39:38 IST" skipped="0">
  <testcase classname="day4.AssignmentSingleFileUpload" name="uploadSingleFile" time="5.623"/>
</testsuite> <!-- day4.AssignmentSingleFileUpload -->
