<?xml version="1.0" encoding="UTF-8"?>
<!-- Generated by org.testng.reporters.JUnitReportReporter -->
<testsuite hostname="Madhukar" failures="0" tests="1" name="day4.CookiesTestDemo" time="2.182" errors="0" timestamp="2025-06-24T05:12:53 IST" skipped="0">
  <testcase classname="day4.CookiesTestDemo" name="testCookiesInResponse" time="2.182"/>
</testsuite> <!-- day4.CookiesTestDemo -->
