<?xml version="1.0" encoding="UTF-8"?>
<!-- Generated by org.testng.reporters.JUnitReportReporter -->
<testsuite hostname="Madhukar" failures="0" tests="1" name="day11.GraphQL_ListingAllCountries_Assignment" time="11.561" errors="0" timestamp="2025-07-13T14:53:39 IST" skipped="0">
  <testcase classname="day11.GraphQL_ListingAllCountries_Assignment" name="testListingCountries" time="11.561"/>
</testsuite> <!-- day11.GraphQL_ListingAllCountries_Assignment -->
