<?xml version="1.0" encoding="UTF-8"?>
<!-- Generated by org.testng.reporters.JUnitReportReporter -->
<testsuite hostname="Madhukar" failures="0" tests="2" name="day9.RequestAndResponseSpecification" time="2.945" errors="0" timestamp="2025-07-09T12:07:51 IST" skipped="0">
  <testcase classname="day9.RequestAndResponseSpecification" name="getAllEmployess" time="2.877"/>
  <testcase classname="day9.RequestAndResponseSpecification" name="getMaleEmployess" time="0.068"/>
</testsuite> <!-- day9.RequestAndResponseSpecification -->
