<?xml version="1.0" encoding="UTF-8"?>
<!-- Generated by org.testng.reporters.JUnitReportReporter -->
<testsuite hostname="Madhukar" failures="0" tests="4" name="day8.ChainingAPIs" time="113.686" errors="0" timestamp="2025-07-07T15:30:42 IST" skipped="0">
  <testcase classname="day8.ChainingAPIs" name="UpdateUser" time="43.458"/>
  <testcase classname="day8.ChainingAPIs" name="GetUser" time="22.783"/>
  <testcase classname="day8.ChainingAPIs" name="deleteUser" time="21.903"/>
  <testcase classname="day8.ChainingAPIs" name="createUser" time="25.542"/>
</testsuite> <!-- day8.ChainingAPIs -->
