<?xml version="1.0" encoding="UTF-8"?>
<!-- Generated by org.testng.reporters.JUnitReportReporter -->
<testsuite hostname="Madhukar" failures="0" tests="4" name="day1.HTTPMethodDemo" time="6.445" errors="0" timestamp="2025-06-20T15:08:05 IST" skipped="0">
  <testcase classname="day1.HTTPMethodDemo" name="getUsers" time="3.509"/>
  <testcase classname="day1.HTTPMethodDemo" name="createUsers" time="1.324"/>
  <testcase classname="day1.HTTPMethodDemo" name="updateUsers" time="0.814"/>
  <testcase classname="day1.HTTPMethodDemo" name="deleteUsers" time="0.798"/>
</testsuite> <!-- day1.HTTPMethodDemo -->
