<?xml version="1.0" encoding="UTF-8"?>
<!-- Generated by org.testng.reporters.JUnitReportReporter -->
<testsuite hostname="Madhukar" failures="0" tests="3" name="day10.CreateBookingDataDrivenTest" time="9.080" errors="0" timestamp="2025-07-11T12:42:57 IST" skipped="0">
  <testcase classname="day10.CreateBookingDataDrivenTest" name="createBookingTest" time="5.639"/>
  <testcase classname="day10.CreateBookingDataDrivenTest" name="createBookingTest" time="1.694"/>
  <testcase classname="day10.CreateBookingDataDrivenTest" name="createBookingTest" time="1.747"/>
</testsuite> <!-- day10.CreateBookingDataDrivenTest -->
