<?xml version="1.0" encoding="UTF-8"?>
<!-- Generated by org.testng.reporters.JUnitReportReporter -->
<testsuite hostname="Madhukar" failures="0" tests="3" name="day9.SerializationAndDeserializationExample" time="2.872" errors="0" timestamp="2025-07-09T11:11:49 IST" skipped="0">
  <testcase classname="day9.SerializationAndDeserializationExample" name="testDeserilization" time="0.100"/>
  <testcase classname="day9.SerializationAndDeserializationExample" name="testSerilization" time="2.745"/>
  <testcase classname="day9.SerializationAndDeserializationExample" name="deleteStudent" time="0.027"/>
</testsuite> <!-- day9.SerializationAndDeserializationExample -->
