<?xml version="1.0" encoding="UTF-8"?>
<!-- Generated by org.testng.reporters.JUnitReportReporter -->
<testsuite hostname="Madhukar" failures="0" tests="2" name="day6.LabAssignmentParsingJsonResponse" time="1.633" errors="0" timestamp="2025-06-26T09:04:51 IST" skipped="0">
  <testcase classname="day6.LabAssignmentParsingJsonResponse" name="testSimpleJsonParsingValidation" time="1.395"/>
  <testcase classname="day6.LabAssignmentParsingJsonResponse" name="testnestedJsonParsingValidation" time="0.238"/>
</testsuite> <!-- day6.LabAssignmentParsingJsonResponse -->
