<?xml version="1.0" encoding="UTF-8"?>
<!-- Generated by org.testng.reporters.JUnitReportReporter -->
<testsuite hostname="Madhukar" failures="0" tests="1" name="day3.AuthenticationsDemo" time="2.358" errors="0" timestamp="2025-06-22T16:18:13 IST" skipped="0">
  <testcase classname="day3.AuthenticationsDemo" name="verifyAPIkeyAuth" time="2.358"/>
</testsuite> <!-- day3.AuthenticationsDemo -->
