<?xml version="1.0" encoding="UTF-8"?>
<!-- Generated by org.testng.reporters.JUnitReportReporter -->
<testsuite hostname="Madhukar" failures="0" tests="2" name="day5.AssignmentParsingComplexResponseJson" time="1.981" errors="0" timestamp="2025-06-26T08:17:52 IST" skipped="0">
  <testcase classname="day5.AssignmentParsingComplexResponseJson" name="testRecentOrdersValidation" time="1.873"/>
  <testcase classname="day5.AssignmentParsingComplexResponseJson" name="testPreferencesAndMetadataValidation" time="0.108"/>
</testsuite> <!-- day5.AssignmentParsingComplexResponseJson -->
