<?xml version="1.0" encoding="UTF-8"?>
<!-- Generated by org.testng.reporters.JUnitReportReporter -->
<testsuite hostname="Madhukar" failures="0" tests="1" name="day3.Auth2AuthenticationDemo" time="3.641" errors="0" timestamp="2025-06-23T05:23:03 IST" skipped="0">
  <testcase classname="day3.Auth2AuthenticationDemo" name="verifyOAuth2Authentication" time="3.641"/>
</testsuite> <!-- day3.Auth2AuthenticationDemo -->
