<?xml version="1.0" encoding="UTF-8"?>
<!-- Generated by org.testng.reporters.JUnitReportReporter -->
<testsuite hostname="Madhukar" failures="0" tests="1" name="day8.GetUserTest" time="22.406" errors="0" timestamp="2025-07-07T16:20:29 IST" skipped="0">
  <testcase classname="day8.GetUserTest" name="GetUser" time="22.406"/>
</testsuite> <!-- day8.GetUserTest -->
