<?xml version="1.0" encoding="UTF-8"?>
<!-- Generated by org.testng.reporters.JUnitReportReporter -->
<testsuite hostname="Madhukar" failures="0" tests="1" name="day4.FileUploadAndDownload" time="1.795" errors="0" timestamp="2025-06-23T09:08:27 IST" skipped="0">
  <testcase classname="day4.FileUploadAndDownload" name="downloadfile" time="1.795"/>
</testsuite> <!-- day4.FileUploadAndDownload -->
