<?xml version="1.0" encoding="UTF-8"?>
<!-- Generated by org.testng.reporters.JUnitReportReporter -->
<testsuite hostname="Madhukar" failures="0" tests="1" name="day6.ParsingJSONObject_BookStoreAPI" time="2.852" errors="0" timestamp="2025-06-26T07:20:34 IST" skipped="0">
  <testcase classname="day6.ParsingJSONObject_BookStoreAPI" name="testJsonResponseBody" time="2.852"/>
</testsuite> <!-- day6.ParsingJSONObject_BookStoreAPI -->
