<?xml version="1.0" encoding="UTF-8"?>
<!-- Generated by org.testng.reporters.JUnitReportReporter -->
<testsuite hostname="Madhukar" failures="0" tests="1" name="day8.UpdateUserTest" time="22.376" errors="0" timestamp="2025-07-07T16:20:29 IST" skipped="0">
  <testcase classname="day8.UpdateUserTest" name="UpdateUser" time="22.376"/>
</testsuite> <!-- day8.UpdateUserTest -->
