<?xml version="1.0" encoding="UTF-8"?>
<!-- Generated by org.testng.reporters.JUnitReportReporter -->
<testsuite hostname="Madhukar" failures="0" tests="1" name="day11.GraphQL_QueryTests" time="4.734" errors="0" timestamp="2025-07-13T05:31:45 IST" skipped="0">
  <testcase classname="day11.GraphQL_QueryTests" name="testFetchPublicTodos" time="4.734"/>
</testsuite> <!-- day11.GraphQL_QueryTests -->
