<?xml version="1.0" encoding="UTF-8"?>
<!-- Generated by org.testng.reporters.JUnitReportReporter -->
<testsuite hostname="Madhukar" failures="0" tests="1" name="day3.Auth2AuthenticationDemo" time="6.546" errors="0" timestamp="2025-06-22T20:11:32 IST" skipped="0">
  <testcase classname="day3.Auth2AuthenticationDemo" name="verifyOAuth2Authentication" time="6.546"/>
</testsuite> <!-- day3.Auth2AuthenticationDemo -->
