<?xml version="1.0" encoding="UTF-8"?>
<!-- Generated by org.testng.reporters.JUnitReportReporter -->
<testsuite hostname="Madhukar" failures="0" tests="5" name="day10.DataDrivenTesting" time="27.592" errors="0" timestamp="2025-07-14T08:52:32 IST" skipped="0">
  <testcase classname="day10.DataDrivenTesting" name="testWithExcelData" time="8.369"/>
  <testcase classname="day10.DataDrivenTesting" name="testWithExcelData" time="4.888"/>
  <testcase classname="day10.DataDrivenTesting" name="testWithExcelData" time="4.905"/>
  <testcase classname="day10.DataDrivenTesting" name="testWithExcelData" time="4.694"/>
  <testcase classname="day10.DataDrivenTesting" name="testWithExcelData" time="4.736"/>
</testsuite> <!-- day10.DataDrivenTesting -->
