<?xml version="1.0" encoding="UTF-8"?>
<!-- Generated by org.testng.reporters.JUnitReportReporter -->
<testsuite hostname="Madhukar" failures="0" tests="1" name="day8.CreateUserTest" time="25.554" errors="0" timestamp="2025-07-07T16:20:29 IST" skipped="0">
  <testcase classname="day8.CreateUserTest" name="createUser" time="25.554"/>
</testsuite> <!-- day8.CreateUserTest -->
