<?xml version="1.0" encoding="UTF-8"?>
<!-- Generated by org.testng.reporters.JUnitReportReporter -->
<testsuite hostname="Madhukar" failures="0" tests="6" name="day9.RequestAndResponseSpecification" time="1.953" errors="0" timestamp="2025-07-10T09:11:36 IST" skipped="0">
  <testcase classname="day9.RequestAndResponseSpecification" name="getAllEmployess" time="1.748"/>
  <testcase classname="day9.RequestAndResponseSpecification" name="getMaleEmployess" time="0.055"/>
  <testcase classname="day9.RequestAndResponseSpecification" name="getFemaleEmployess" time="0.043"/>
  <testcase classname="day9.RequestAndResponseSpecification" name="getFirstname" time="0.038"/>
  <testcase classname="day9.RequestAndResponseSpecification" name="getLastname" time="0.034"/>
  <testcase classname="day9.RequestAndResponseSpecification" name="getEmployeesbyId" time="0.035"/>
</testsuite> <!-- day9.RequestAndResponseSpecification -->
