<?xml version="1.0" encoding="UTF-8"?>
<!-- Generated by org.testng.reporters.JUnitReportReporter -->
<testsuite hostname="Madhukar" failures="0" tests="1" name="day8.GenerateTestDataUsingFakerLibrary" time="0.250" errors="0" timestamp="2025-07-07T14:01:26 IST" skipped="0">
  <testcase classname="day8.GenerateTestDataUsingFakerLibrary" name="fakeDataGenerator" time="0.250"/>
</testsuite> <!-- day8.GenerateTestDataUsingFakerLibrary -->
